<?xml version="1.0" encoding="UTF-8"?>
<!-- Generated by org.testng.reporters.JUnitReportReporter -->
<testsuite hostname="NainasBook" failures="0" tests="1" name="com.crm.SDET26.Demo" time="0.016" errors="0" timestamp="2021-12-10T14:30:42 IST" skipped="0">
  <testcase classname="com.crm.SDET26.Demo" name="display" time="0.016"/>
  <system-out/>
</testsuite> <!-- com.crm.SDET26.Demo -->
