<?xml version="1.0" encoding="UTF-8"?>
<!-- Generated by org.testng.reporters.JUnitReportReporter -->
<testsuite hostname="NainasBook" failures="0" tests="1" name="com.crm.SDET26.SmokeTest" time="0.014" errors="0" timestamp="2021-12-13T15:34:44 IST" skipped="0">
  <testcase classname="com.crm.SDET26.SmokeTest" name="show" time="0.014"/>
  <system-out/>
</testsuite> <!-- com.crm.SDET26.SmokeTest -->
