<?xml version="1.0" encoding="UTF-8"?>
<!-- Generated by org.testng.reporters.JUnitReportReporter -->
<testsuite hostname="NainasBook" failures="0" tests="1" name="com.crm.SDET26.DemoTest" time="0.026" errors="0" timestamp="2021-12-10T16:21:53 IST" skipped="0">
  <testcase classname="com.crm.SDET26.DemoTest" name="displayTest" time="0.026"/>
  <system-out/>
</testsuite> <!-- com.crm.SDET26.DemoTest -->
