<?xml version="1.0" encoding="UTF-8"?>
<!-- Generated by org.testng.reporters.JUnitReportReporter -->
<testsuite hostname="NainasBook" failures="0" tests="1" name="com.crm.SDET26.ReadDataTest" time="0.024" errors="0" timestamp="2021-12-15T15:11:41 IST" skipped="0">
  <testcase classname="com.crm.SDET26.ReadDataTest" name="readDataTest" time="0.024"/>
  <system-out/>
</testsuite> <!-- com.crm.SDET26.ReadDataTest -->
