<?xml version="1.0" encoding="UTF-8"?>
<!-- Generated by org.testng.reporters.JUnitReportReporter -->
<testsuite hostname="NainasBook" failures="0" tests="1" name="com.crm.SDET26.JenkinTest" time="0.008" errors="0" timestamp="2021-12-15T15:20:41 IST" skipped="0">
  <testcase classname="com.crm.SDET26.JenkinTest" name="jenkin" time="0.008"/>
  <system-out/>
</testsuite> <!-- com.crm.SDET26.JenkinTest -->
